Ÿ2018-05-06 01:16:24.387 - ERROR AbstractJanitor - [AbstractJanitor.java:340] Failed Dry Run cleanup of resource 11 of type TEST_RESOURCE_TYPE. LeashMode=true
Vcom.netflix.simianarmy.janitor.DryRunnableJanitorException: Exception during dry run
c	at com.netflix.simianarmy.janitor.TestAbstractJanitor.cleanupDryRun(TestAbstractJanitor.java:83)
_	at com.netflix.simianarmy.janitor.AbstractJanitor.cleanupResources(AbstractJanitor.java:313)
ˆ	at com.netflix.simianarmy.janitor.TestAbstractJanitor.testCleanupDryRunOnWithJanitorOnLeashWithAFailure(TestAbstractJanitor.java:256)
A	at sun.reflect.NativeMethodAccessorImpl.invoke0(Native Method)
S	at sun.reflect.NativeMethodAccessorImpl.invoke(NativeMethodAccessorImpl.java:62)
[	at sun.reflect.DelegatingMethodAccessorImpl.invoke(DelegatingMethodAccessorImpl.java:43)
6	at java.lang.reflect.Method.invoke(Method.java:498)
]	at org.testng.internal.MethodInvocationHelper.invokeMethod(MethodInvocationHelper.java:80)
@	at org.testng.internal.Invoker.invokeMethod(Invoker.java:691)
D	at org.testng.internal.Invoker.invokeTestMethod(Invoker.java:883)
F	at org.testng.internal.Invoker.invokeTestMethods(Invoker.java:1208)
W	at org.testng.internal.TestMethodWorker.invokeTestMethods(TestMethodWorker.java:127)
I	at org.testng.internal.TestMethodWorker.run(TestMethodWorker.java:111)
;	at org.testng.TestRunner.privateRun(TestRunner.java:758)
4	at org.testng.TestRunner.run(TestRunner.java:613)
:	at org.testng.SuiteRunner.runTest(SuiteRunner.java:334)
B	at org.testng.SuiteRunner.runSequentially(SuiteRunner.java:329)
=	at org.testng.SuiteRunner.privateRun(SuiteRunner.java:291)
6	at org.testng.SuiteRunner.run(SuiteRunner.java:240)
F	at org.testng.SuiteRunnerWorker.runSuite(SuiteRunnerWorker.java:53)
A	at org.testng.SuiteRunnerWorker.run(SuiteRunnerWorker.java:87)
?	at org.testng.TestNG.runSuitesSequentially(TestNG.java:1137)
:	at org.testng.TestNG.runSuitesLocally(TestNG.java:1062)
,	at org.testng.TestNG.run(TestNG.java:974)
w	at org.gradle.api.internal.tasks.testing.testng.TestNGTestClassProcessor.runTests(TestNGTestClassProcessor.java:130)
r	at org.gradle.api.internal.tasks.testing.testng.TestNGTestClassProcessor.stop(TestNGTestClassProcessor.java:80)
i	at org.gradle.api.internal.tasks.testing.SuiteTestClassProcessor.stop(SuiteTestClassProcessor.java:58)
A	at sun.reflect.NativeMethodAccessorImpl.invoke0(Native Method)
S	at sun.reflect.NativeMethodAccessorImpl.invoke(NativeMethodAccessorImpl.java:62)
[	at sun.reflect.DelegatingMethodAccessorImpl.invoke(DelegatingMethodAccessorImpl.java:43)
6	at java.lang.reflect.Method.invoke(Method.java:498)
[	at org.gradle.messaging.dispatch.ReflectionDispatch.dispatch(ReflectionDispatch.java:35)
[	at org.gradle.messaging.dispatch.ReflectionDispatch.dispatch(ReflectionDispatch.java:24)
k	at org.gradle.messaging.dispatch.ContextClassLoaderDispatch.dispatch(ContextClassLoaderDispatch.java:32)
z	at org.gradle.messaging.dispatch.ProxyDispatchAdapter$DispatchingInvocationHandler.invoke(ProxyDispatchAdapter.java:93)
0	at com.sun.proxy.$Proxy2.stop(Unknown Source)
W	at org.gradle.api.internal.tasks.testing.worker.TestWorker.stop(TestWorker.java:116)
A	at sun.reflect.NativeMethodAccessorImpl.invoke0(Native Method)
S	at sun.reflect.NativeMethodAccessorImpl.invoke(NativeMethodAccessorImpl.java:62)
[	at sun.reflect.DelegatingMethodAccessorImpl.invoke(DelegatingMethodAccessorImpl.java:43)
6	at java.lang.reflect.Method.invoke(Method.java:498)
[	at org.gradle.messaging.dispatch.ReflectionDispatch.dispatch(ReflectionDispatch.java:35)
[	at org.gradle.messaging.dispatch.ReflectionDispatch.dispatch(ReflectionDispatch.java:24)
Z	at org.gradle.messaging.remote.internal.hub.MessageHub$Handler.run(MessageHub.java:360)
l	at org.gradle.internal.concurrent.ExecutorPolicy$CatchAndRecordFailures.onExecute(ExecutorPolicy.java:54)
_	at org.gradle.internal.concurrent.StoppableExecutorImpl$1.run(StoppableExecutorImpl.java:40)
U	at java.util.concurrent.ThreadPoolExecutor.runWorker(ThreadPoolExecutor.java:1149)
U	at java.util.concurrent.ThreadPoolExecutor$Worker.run(ThreadPoolExecutor.java:624)
+	at java.lang.Thread.run(Thread.java:748)
<Caused by: java.lang.RuntimeException: Magic number of id.
c	at com.netflix.simianarmy.janitor.TestAbstractJanitor.cleanupDryRun(TestAbstractJanitor.java:80)
	... 48 more
2018-05-06 01:16:24.421 - ERROR AbstractJanitor - [AbstractJanitor.java:340] Failed to clean up the resource 11 of type TEST_RESOURCE_TYPE. LeashMode=false
1java.lang.RuntimeException: Magic number of id.
]	at com.netflix.simianarmy.janitor.TestAbstractJanitor.cleanup(TestAbstractJanitor.java:66)
_	at com.netflix.simianarmy.janitor.AbstractJanitor.cleanupResources(AbstractJanitor.java:315)
t	at com.netflix.simianarmy.janitor.TestAbstractJanitor.testJanitorWithCleanupFailure(TestAbstractJanitor.java:231)
A	at sun.reflect.NativeMethodAccessorImpl.invoke0(Native Method)
S	at sun.reflect.NativeMethodAccessorImpl.invoke(NativeMethodAccessorImpl.java:62)
[	at sun.reflect.DelegatingMethodAccessorImpl.invoke(DelegatingMethodAccessorImpl.java:43)
6	at java.lang.reflect.Method.invoke(Method.java:498)
]	at org.testng.internal.MethodInvocationHelper.invokeMethod(MethodInvocationHelper.java:80)
@	at org.testng.internal.Invoker.invokeMethod(Invoker.java:691)
D	at org.testng.internal.Invoker.invokeTestMethod(Invoker.java:883)
F	at org.testng.internal.Invoker.invokeTestMethods(Invoker.java:1208)
W	at org.testng.internal.TestMethodWorker.invokeTestMethods(TestMethodWorker.java:127)
I	at org.testng.internal.TestMethodWorker.run(TestMethodWorker.java:111)
;	at org.testng.TestRunner.privateRun(TestRunner.java:758)
4	at org.testng.TestRunner.run(TestRunner.java:613)
:	at org.testng.SuiteRunner.runTest(SuiteRunner.java:334)
B	at org.testng.SuiteRunner.runSequentially(SuiteRunner.java:329)
=	at org.testng.SuiteRunner.privateRun(SuiteRunner.java:291)
6	at org.testng.SuiteRunner.run(SuiteRunner.java:240)
F	at org.testng.SuiteRunnerWorker.runSuite(SuiteRunnerWorker.java:53)
A	at org.testng.SuiteRunnerWorker.run(SuiteRunnerWorker.java:87)
?	at org.testng.TestNG.runSuitesSequentially(TestNG.java:1137)
:	at org.testng.TestNG.runSuitesLocally(TestNG.java:1062)
,	at org.testng.TestNG.run(TestNG.java:974)
w	at org.gradle.api.internal.tasks.testing.testng.TestNGTestClassProcessor.runTests(TestNGTestClassProcessor.java:130)
r	at org.gradle.api.internal.tasks.testing.testng.TestNGTestClassProcessor.stop(TestNGTestClassProcessor.java:80)
i	at org.gradle.api.internal.tasks.testing.SuiteTestClassProcessor.stop(SuiteTestClassProcessor.java:58)
A	at sun.reflect.NativeMethodAccessorImpl.invoke0(Native Method)
S	at sun.reflect.NativeMethodAccessorImpl.invoke(NativeMethodAccessorImpl.java:62)
[	at sun.reflect.DelegatingMethodAccessorImpl.invoke(DelegatingMethodAccessorImpl.java:43)
6	at java.lang.reflect.Method.invoke(Method.java:498)
[	at org.gradle.messaging.dispatch.ReflectionDispatch.dispatch(ReflectionDispatch.java:35)
[	at org.gradle.messaging.dispatch.ReflectionDispatch.dispatch(ReflectionDispatch.java:24)
k	at org.gradle.messaging.dispatch.ContextClassLoaderDispatch.dispatch(ContextClassLoaderDispatch.java:32)
z	at org.gradle.messaging.dispatch.ProxyDispatchAdapter$DispatchingInvocationHandler.invoke(ProxyDispatchAdapter.java:93)
0	at com.sun.proxy.$Proxy2.stop(Unknown Source)
W	at org.gradle.api.internal.tasks.testing.worker.TestWorker.stop(TestWorker.java:116)
A	at sun.reflect.NativeMethodAccessorImpl.invoke0(Native Method)
S	at sun.reflect.NativeMethodAccessorImpl.invoke(NativeMethodAccessorImpl.java:62)
[	at sun.reflect.DelegatingMethodAccessorImpl.invoke(DelegatingMethodAccessorImpl.java:43)
6	at java.lang.reflect.Method.invoke(Method.java:498)
[	at org.gradle.messaging.dispatch.ReflectionDispatch.dispatch(ReflectionDispatch.java:35)
[	at org.gradle.messaging.dispatch.ReflectionDispatch.dispatch(ReflectionDispatch.java:24)
Z	at org.gradle.messaging.remote.internal.hub.MessageHub$Handler.run(MessageHub.java:360)
l	at org.gradle.internal.concurrent.ExecutorPolicy$CatchAndRecordFailures.onExecute(ExecutorPolicy.java:54)
_	at org.gradle.internal.concurrent.StoppableExecutorImpl$1.run(StoppableExecutorImpl.java:40)
U	at java.util.concurrent.ThreadPoolExecutor.runWorker(ThreadPoolExecutor.java:1149)
U	at java.util.concurrent.ThreadPoolExecutor$Worker.run(ThreadPoolExecutor.java:624)
+	at java.lang.Thread.run(Thread.java:748)
9;o2018-05-06 01:16:24.582 - ERROR AWSEmailNotifier - [AWSEmailNotifier.java:98] Invalid email address: username
9;w2018-05-06 01:16:24.583 - ERROR AWSEmailNotifier - [AWSEmailNotifier.java:98] Invalid email address: username@.com.my
9;|2018-05-06 01:16:24.585 - ERROR AWSEmailNotifier - [AWSEmailNotifier.java:98] Invalid email address: username123@example.a
9;w2018-05-06 01:16:24.586 - ERROR AWSEmailNotifier - [AWSEmailNotifier.java:98] Invalid email address: username123@.com
9;{2018-05-06 01:16:24.588 - ERROR AWSEmailNotifier - [AWSEmailNotifier.java:98] Invalid email address: username123@.com.com
9;~2018-05-06 01:16:24.590 - ERROR AWSEmailNotifier - [AWSEmailNotifier.java:98] Invalid email address: username()*@example.com
9;v2018-05-06 01:16:24.591 - ERROR AWSEmailNotifier - [AWSEmailNotifier.java:98] Invalid email address: username@%*.com
©³“2018-05-06 01:16:51.192 - ERROR NoGeneratedAMIRule - [NoGeneratedAMIRule.java:134] Snapshot snap-12345678901234567 does not have a creation time.
ÈÊ‘2018-05-06 01:16:51.365 - ERROR OldEmptyASGRule - [OldEmptyASGRule.java:126] Failed to find creation time for launch configuration launchConfig
ÈÍ2018-05-06 01:16:51.371 - ERROR OldEmptyASGRule - [OldEmptyASGRule.java:119] Failed to find launch configuration for ASG asg1
ÈÔ2018-05-06 01:16:51.379 - ERROR OldEmptyASGRule - [OldEmptyASGRule.java:119] Failed to find launch configuration for ASG asg1
êô2018-05-06 01:16:51.421 - ERROR OrphanedInstanceRule - [OrphanedInstanceRule.java:110] The instance i-12345678901234567 has no launch time.
´³2018-05-06 01:16:51.734 - ERROR UntaggedRule - [UntaggedRule.java:78] The resource i-12345678901234567  does not have the required tag tag1
´¶2018-05-06 01:16:51.739 - ERROR UntaggedRule - [UntaggedRule.java:78] The resource i-12345678901234567  does not have the required tag tag2
´·2018-05-06 01:16:51.742 - ERROR UntaggedRule - [UntaggedRule.java:78] The resource i-12345678901234567  does not have the required tag tag2
´¸„2018-05-06 01:16:51.747 - ERROR UntaggedRule - [UntaggedRule.java:78] The resource ami-123123  does not have the required tag tag1
´¸…2018-05-06 01:16:51.748 - ERROR UntaggedRule - [UntaggedRule.java:78] The resource my-cool-asg  does not have the required tag tag1
´¸2018-05-06 01:16:51.749 - ERROR UntaggedRule - [UntaggedRule.java:78] The resource snap-12345678901234567  does not have the required tag tag1
´¸–2018-05-06 01:16:51.750 - ERROR UntaggedRule - [UntaggedRule.java:78] The resource my-cool-launch-configuration  does not have the required tag tag1
